{"$message_type":"diagnostic","message":"linking with `C:/Users/Work/.rustup/toolchains/stable-x86_64-pc-windows-msvc/lib/rustlib/x86_64-pc-windows-msvc/bin/gcc-ld/lld-link.exe` failed: exit code: 1","code":null,"level":"error","spans":[],"children":[{"message":"\"C:/Users/Work/.rustup/toolchains/stable-x86_64-pc-windows-msvc/lib/rustlib/x86_64-pc-windows-msvc/bin/gcc-ld/lld-link.exe\" \"-flavor\" \"link\" \"/NOLOGO\" \"C:\\\\Users\\\\Work\\\\AppData\\\\Local\\\\Temp\\\\rustcwSJm1m\\\\symbols.o\" \"<3 object files omitted>\" \"<sysroot>\\\\lib\\\\rustlib\\\\x86_64-pc-windows-msvc\\\\lib/{libstd-*,libpanic_unwind-*,libcfg_if-*,libwindows_targets-*,librustc_demangle-*,libstd_detect-*,libhashbrown-*,librustc_std_workspace_alloc-*,libunwind-*,librustc_std_workspace_core-*,liballoc-*,libcore-*,libcompiler_builtins-*}.rlib\" \"kernel32.lib\" \"kernel32.lib\" \"kernel32.lib\" \"ntdll.lib\" \"userenv.lib\" \"ws2_32.lib\" \"dbghelp.lib\" \"/defaultlib:msvcrt\" \"/NXCOMPAT\" \"/OUT:C:\\\\Users\\\\Work\\\\Desktop\\\\GIT\\\\AGARIO\\\\agario\\\\server\\\\spacetimedb\\\\target\\\\release\\\\build\\\\proc-macro2-5cd3a11d78e620d0\\\\build_script_build-5cd3a11d78e620d0.exe\" \"/OPT:REF,NOICF\" \"/DEBUG\" \"/PDBALTPATH:%_PDB%\" \"/NATVIS:<sysroot>\\\\lib\\\\rustlib\\\\etc\\\\intrinsic.natvis\" \"/NATVIS:<sysroot>\\\\lib\\\\rustlib\\\\etc\\\\liballoc.natvis\" \"/NATVIS:<sysroot>\\\\lib\\\\rustlib\\\\etc\\\\libcore.natvis\" \"/NATVIS:<sysroot>\\\\lib\\\\rustlib\\\\etc\\\\libstd.natvis\"","code":null,"level":"note","spans":[],"children":[],"rendered":null},{"message":"some arguments are omitted. use `--verbose` to show all linker arguments","code":null,"level":"note","spans":[],"children":[],"rendered":null},{"message":"rust-lld: warning: ignoring unknown argument '-flavor'\r\nrust-lld: error: could not open 'link': no such file or directory\r\nrust-lld: error: could not open 'kernel32.lib': no such file or directory\r\nrust-lld: error: could not open 'kernel32.lib': no such file or directory\r\nrust-lld: error: could not open 'kernel32.lib': no such file or directory\r\nrust-lld: error: could not open 'ntdll.lib': no such file or directory\r\nrust-lld: error: could not open 'userenv.lib': no such file or directory\r\nrust-lld: error: could not open 'ws2_32.lib': no such file or directory\r\nrust-lld: error: could not open 'dbghelp.lib': no such file or directory\r\n","code":null,"level":"note","spans":[],"children":[],"rendered":null}],"rendered":"\u001b[1m\u001b[91merror\u001b[0m\u001b[1m\u001b[97m: linking with `C:/Users/Work/.rustup/toolchains/stable-x86_64-pc-windows-msvc/lib/rustlib/x86_64-pc-windows-msvc/bin/gcc-ld/lld-link.exe` failed: exit code: 1\u001b[0m\n  \u001b[1m\u001b[96m|\u001b[0m\n  \u001b[1m\u001b[96m= \u001b[0m\u001b[1m\u001b[97mnote\u001b[0m: \"C:/Users/Work/.rustup/toolchains/stable-x86_64-pc-windows-msvc/lib/rustlib/x86_64-pc-windows-msvc/bin/gcc-ld/lld-link.exe\" \"-flavor\" \"link\" \"/NOLOGO\" \"C:\\\\Users\\\\Work\\\\AppData\\\\Local\\\\Temp\\\\rustcwSJm1m\\\\symbols.o\" \"<3 object files omitted>\" \"<sysroot>\\\\lib\\\\rustlib\\\\x86_64-pc-windows-msvc\\\\lib/{libstd-*,libpanic_unwind-*,libcfg_if-*,libwindows_targets-*,librustc_demangle-*,libstd_detect-*,libhashbrown-*,librustc_std_workspace_alloc-*,libunwind-*,librustc_std_workspace_core-*,liballoc-*,libcore-*,libcompiler_builtins-*}.rlib\" \"kernel32.lib\" \"kernel32.lib\" \"kernel32.lib\" \"ntdll.lib\" \"userenv.lib\" \"ws2_32.lib\" \"dbghelp.lib\" \"/defaultlib:msvcrt\" \"/NXCOMPAT\" \"/OUT:C:\\\\Users\\\\Work\\\\Desktop\\\\GIT\\\\AGARIO\\\\agario\\\\server\\\\spacetimedb\\\\target\\\\release\\\\build\\\\proc-macro2-5cd3a11d78e620d0\\\\build_script_build-5cd3a11d78e620d0.exe\" \"/OPT:REF,NOICF\" \"/DEBUG\" \"/PDBALTPATH:%_PDB%\" \"/NATVIS:<sysroot>\\\\lib\\\\rustlib\\\\etc\\\\intrinsic.natvis\" \"/NATVIS:<sysroot>\\\\lib\\\\rustlib\\\\etc\\\\liballoc.natvis\" \"/NATVIS:<sysroot>\\\\lib\\\\rustlib\\\\etc\\\\libcore.natvis\" \"/NATVIS:<sysroot>\\\\lib\\\\rustlib\\\\etc\\\\libstd.natvis\"\n  \u001b[1m\u001b[96m= \u001b[0m\u001b[1m\u001b[97mnote\u001b[0m: some arguments are omitted. use `--verbose` to show all linker arguments\n  \u001b[1m\u001b[96m= \u001b[0m\u001b[1m\u001b[97mnote\u001b[0m: rust-lld: warning: ignoring unknown argument '-flavor'␍\n          rust-lld: error: could not open 'link': no such file or directory␍\n          rust-lld: error: could not open 'kernel32.lib': no such file or directory␍\n          rust-lld: error: could not open 'kernel32.lib': no such file or directory␍\n          rust-lld: error: could not open 'kernel32.lib': no such file or directory␍\n          rust-lld: error: could not open 'ntdll.lib': no such file or directory␍\n          rust-lld: error: could not open 'userenv.lib': no such file or directory␍\n          rust-lld: error: could not open 'ws2_32.lib': no such file or directory␍\n          rust-lld: error: could not open 'dbghelp.lib': no such file or directory␍\n          \n\n"}
{"$message_type":"diagnostic","message":"aborting due to 1 previous error","code":null,"level":"error","spans":[],"children":[],"rendered":"\u001b[1m\u001b[91merror\u001b[0m\u001b[1m\u001b[97m: aborting due to 1 previous error\u001b[0m\n\n"}
